e:\vandanaworkspace\visualizer_1\geometry\x64\debug\geometry.pch
e:\vandanaworkspace\visualizer_1\geometry\x64\debug\vc143.pdb
e:\vandanaworkspace\visualizer_1\geometry\x64\debug\vc143.idb
e:\vandanaworkspace\visualizer_1\geometry\x64\debug\pch.obj
e:\vandanaworkspace\visualizer_1\geometry\x64\debug\shape.obj
e:\vandanaworkspace\visualizer_1\geometry\x64\debug\point.obj
e:\vandanaworkspace\visualizer_1\geometry\x64\debug\line.obj
e:\vandanaworkspace\visualizer_1\geometry\x64\debug\geometry.obj
e:\vandanaworkspace\visualizer_1\geometry\x64\debug\dllmain.obj
e:\vandanaworkspace\visualizer_1\geometry\x64\debug\geometry.ilk
e:\vandanaworkspace\visualizer_1\x64\debug\geometry.dll
e:\vandanaworkspace\visualizer_1\x64\debug\geometry.pdb
e:\vandanaworkspace\visualizer_1\x64\debug\geometry.lib
e:\vandanaworkspace\visualizer_1\x64\debug\geometry.exp
e:\vandanaworkspace\visualizer_1\geometry\x64\debug\geometry.tlog\cl.command.1.tlog
e:\vandanaworkspace\visualizer_1\geometry\x64\debug\geometry.tlog\cl.items.tlog
e:\vandanaworkspace\visualizer_1\geometry\x64\debug\geometry.tlog\cl.read.1.tlog
e:\vandanaworkspace\visualizer_1\geometry\x64\debug\geometry.tlog\cl.write.1.tlog
e:\vandanaworkspace\visualizer_1\geometry\x64\debug\geometry.tlog\link.command.1.tlog
e:\vandanaworkspace\visualizer_1\geometry\x64\debug\geometry.tlog\link.read.1.tlog
e:\vandanaworkspace\visualizer_1\geometry\x64\debug\geometry.tlog\link.write.1.tlog
e:\vandanaworkspace\visualizer_1\geometry\x64\debug\geometry.tlog\link.write.2u.tlog
